<?xml version="1.0" encoding="UTF-8"?>
<testng-results ignored="0" total="1" passed="1" failed="0" skipped="0">
  <reporter-output>
  </reporter-output>
  <suite started-at="2023-02-26T00:31:46 IST" name="Default suite" finished-at="2023-02-26T00:32:08 IST" duration-ms="22285">
    <groups>
    </groups>
    <test started-at="2023-02-26T00:31:46 IST" name="Default test" finished-at="2023-02-26T00:32:08 IST" duration-ms="22285">
      <class name="test.test">
        <test-method signature="Searchforproduct()[pri:0, instance:test.test@636be97c]" started-at="2023-02-26T00:31:46 IST" name="Searchforproduct" finished-at="2023-02-26T00:32:08 IST" duration-ms="22260" status="PASS">
          <reporter-output>
          </reporter-output>
        </test-method> <!-- Searchforproduct -->
      </class> <!-- test.test -->
    </test> <!-- Default test -->
  </suite> <!-- Default suite -->
</testng-results>
